# JRE version: OpenJDK Runtime Environment (16.0.2+7) (build 16.0.2+7-67)
# Java VM: OpenJDK 64-Bit Server VM (16.0.2+7-67, mixed mode, tiered, compressed oops, compressed class ptrs, g1 gc, windows-amd64)
GC Precious Log:
 CPUs: 8 total, 8 available
 Memory: 16106M
 Large Page Support: Disabled
 NUMA Support: Disabled
 Compressed Oops: Enabled (Zero based)
 Heap Region Size: 2M
 Heap Min Capacity: 8M
 Heap Initial Capacity: 252M
 Heap Max Capacity: 4028M
 Pre-touch: Disabled
 Parallel Workers: 8
 Concurrent Workers: 2
 Concurrent Refinement Workers: 8
 Periodic GC: Disabled
Heap:
 garbage-first heap   total 450560K, used 271096K [0x0000000704400000, 0x0000000800000000)
  region size 2048K, 132 young (270336K), 1 survivors (2048K)
 Metaspace       used 9383K, committed 9536K, reserved 1064960K
  class space    used 796K, committed 896K, reserved 1048576K
GC Heap History (20 events):
Event: 178.108 GC heap after
{Heap after GC invocations=1540 (full 0):
 garbage-first heap   total 450560K, used 3220K [0x0000000704400000, 0x0000000800000000)
  region size 2048K, 1 young (2048K), 1 survivors (2048K)
 Metaspace       used 9383K, committed 9536K, reserved 1064960K
  class space    used 796K, committed 896K, reserved 1048576K
}
Event: 178.232 GC heap before
{Heap before GC invocations=1540 (full 0):
 garbage-first heap   total 450560K, used 269460K [0x0000000704400000, 0x0000000800000000)
  region size 2048K, 132 young (270336K), 1 survivors (2048K)
 Metaspace       used 9383K, committed 9536K, reserved 1064960K
  class space    used 796K, committed 896K, reserved 1048576K
}
Event: 178.233 GC heap after
{Heap after GC invocations=1541 (full 0):
 garbage-first heap   total 450560K, used 3220K [0x0000000704400000, 0x0000000800000000)
  region size 2048K, 1 young (2048K), 1 survivors (2048K)
 Metaspace       used 9383K, committed 9536K, reserved 1064960K
  class space    used 796K, committed 896K, reserved 1048576K
}
Event: 178.358 GC heap before
{Heap before GC invocations=1541 (full 0):
 garbage-first heap   total 450560K, used 269460K [0x0000000704400000, 0x0000000800000000)
  region size 2048K, 132 young (270336K), 1 survivors (2048K)
 Metaspace       used 9383K, committed 9536K, reserved 1064960K
  class space    used 796K, committed 896K, reserved 1048576K
}
Event: 178.360 GC heap after
{Heap after GC invocations=1542 (full 0):
 garbage-first heap   total 450560K, used 3219K [0x0000000704400000, 0x0000000800000000)
  region size 2048K, 1 young (2048K), 1 survivors (2048K)
 Metaspace       used 9383K, committed 9536K, reserved 1064960K
  class space    used 796K, committed 896K, reserved 1048576K
}
Event: 178.516 GC heap before
{Heap before GC invocations=1542 (full 0):
 garbage-first heap   total 450560K, used 269459K [0x0000000704400000, 0x0000000800000000)
  region size 2048K, 132 young (270336K), 1 survivors (2048K)
 Metaspace       used 9383K, committed 9536K, reserved 1064960K
  class space    used 796K, committed 896K, reserved 1048576K
}
Event: 178.518 GC heap after
{Heap after GC invocations=1543 (full 0):
 garbage-first heap   total 450560K, used 3221K [0x0000000704400000, 0x0000000800000000)
  region size 2048K, 1 young (2048K), 1 survivors (2048K)
 Metaspace       used 9383K, committed 9536K, reserved 1064960K
  class space    used 796K, committed 896K, reserved 1048576K
}
Event: 178.643 GC heap before
{Heap before GC invocations=1543 (full 0):
 garbage-first heap   total 450560K, used 269461K [0x0000000704400000, 0x0000000800000000)
  region size 2048K, 132 young (270336K), 1 survivors (2048K)
 Metaspace       used 9383K, committed 9536K, reserved 1064960K
  class space    used 796K, committed 896K, reserved 1048576K
}
Event: 178.645 GC heap after
{Heap after GC invocations=1544 (full 0):
 garbage-first heap   total 450560K, used 3222K [0x0000000704400000, 0x0000000800000000)
  region size 2048K, 1 young (2048K), 1 survivors (2048K)
 Metaspace       used 9383K, committed 9536K, reserved 1064960K
  class space    used 796K, committed 896K, reserved 1048576K
}
Event: 178.781 GC heap before
{Heap before GC invocations=1544 (full 0):
 garbage-first heap   total 450560K, used 269462K [0x0000000704400000, 0x0000000800000000)
  region size 2048K, 132 young (270336K), 1 survivors (2048K)
 Metaspace       used 9383K, committed 9536K, reserved 1064960K
  class space    used 796K, committed 896K, reserved 1048576K
}
Event: 178.783 GC heap after
{Heap after GC invocations=1545 (full 0):
 garbage-first heap   total 450560K, used 3220K [0x0000000704400000, 0x0000000800000000)
  region size 2048K, 1 young (2048K), 1 survivors (2048K)
 Metaspace       used 9383K, committed 9536K, reserved 1064960K
  class space    used 796K, committed 896K, reserved 1048576K
}
Event: 178.919 GC heap before
{Heap before GC invocations=1545 (full 0):
 garbage-first heap   total 450560K, used 269460K [0x0000000704400000, 0x0000000800000000)
  region size 2048K, 132 young (270336K), 1 survivors (2048K)
 Metaspace       used 9383K, committed 9536K, reserved 1064960K
  class space    used 796K, committed 896K, reserved 1048576K
}
Event: 178.921 GC heap after
{Heap after GC invocations=1546 (full 0):
 garbage-first heap   total 450560K, used 3221K [0x0000000704400000, 0x0000000800000000)
  region size 2048K, 1 young (2048K), 1 survivors (2048K)
 Metaspace       used 9383K, committed 9536K, reserved 1064960K
  class space    used 796K, committed 896K, reserved 1048576K
}
Event: 179.056 GC heap before
{Heap before GC invocations=1546 (full 0):
 garbage-first heap   total 450560K, used 269461K [0x0000000704400000, 0x0000000800000000)
  region size 2048K, 132 young (270336K), 1 survivors (2048K)
 Metaspace       used 9383K, committed 9536K, reserved 1064960K
  class space    used 796K, committed 896K, reserved 1048576K
}
Event: 179.057 GC heap after
{Heap after GC invocations=1547 (full 0):
 garbage-first heap   total 450560K, used 3223K [0x0000000704400000, 0x0000000800000000)
  region size 2048K, 1 young (2048K), 1 survivors (2048K)
 Metaspace       used 9383K, committed 9536K, reserved 1064960K
  class space    used 796K, committed 896K, reserved 1048576K
}
Event: 179.185 GC heap before
{Heap before GC invocations=1547 (full 0):
 garbage-first heap   total 450560K, used 269463K [0x0000000704400000, 0x0000000800000000)
  region size 2048K, 132 young (270336K), 1 survivors (2048K)
 Metaspace       used 9383K, committed 9536K, reserved 1064960K
  class space    used 796K, committed 896K, reserved 1048576K
}
Event: 179.187 GC heap after
{Heap after GC invocations=1548 (full 0):
 garbage-first heap   total 450560K, used 3222K [0x0000000704400000, 0x0000000800000000)
  region size 2048K, 1 young (2048K), 1 survivors (2048K)
 Metaspace       used 9383K, committed 9536K, reserved 1064960K
  class space    used 796K, committed 896K, reserved 1048576K
}
Event: 179.316 GC heap before
{Heap before GC invocations=1548 (full 0):
 garbage-first heap   total 450560K, used 269462K [0x0000000704400000, 0x0000000800000000)
  region size 2048K, 132 young (270336K), 1 survivors (2048K)
 Metaspace       used 9383K, committed 9536K, reserved 1064960K
  class space    used 796K, committed 896K, reserved 1048576K
}
Event: 179.318 GC heap after
{Heap after GC invocations=1549 (full 0):
 garbage-first heap   total 450560K, used 3222K [0x0000000704400000, 0x0000000800000000)
  region size 2048K, 1 young (2048K), 1 survivors (2048K)
 Metaspace       used 9383K, committed 9536K, reserved 1064960K
  class space    used 796K, committed 896K, reserved 1048576K
}
Event: 179.446 GC heap before
{Heap before GC invocations=1549 (full 0):
 garbage-first heap   total 450560K, used 269462K [0x0000000704400000, 0x0000000800000000)
  region size 2048K, 132 young (270336K), 1 survivors (2048K)
 Metaspace       used 9383K, committed 9536K, reserved 1064960K
  class space    used 796K, committed 896K, reserved 1048576K
}

